<?xml version="1.0" encoding="UTF-8"?>
<!-- Generated by org.testng.reporters.JUnitXMLReporter -->
<testsuite hostname="techmojos-MacBook-Pro-2.local" ignored="0" name="Command line test" tests="1" failures="1" timestamp="11 Aug 2020 06:27:12 GMT" time="8.697" errors="0">
  <testcase name="doLogin" time="8.472" classname="com.techmojo.web.automation.testcases.LoginPageTest">
    <failure type="java.lang.AssertionError" message="java.lang.InstantiationException: com.techmojo.web.automation.pages.LoginPage">
      <![CDATA[java.lang.AssertionError: java.lang.InstantiationException: com.techmojo.web.automation.pages.LoginPage
at com.techmojo.web.automation.base.PageBase.reportFail(PageBase.java:161)
at com.techmojo.web.automation.base.PageBase.openURL(PageBase.java:47)
at com.techmojo.web.automation.testcases.LoginPageTest.doLogin(LoginPageTest.java:28)
at org.infinitest.testrunner.testng.TestNgRunner.runTest(TestNgRunner.java:82)
at org.infinitest.testrunner.DefaultRunner.runTest(DefaultRunner.java:60)
at org.infinitest.testrunner.TestRunnerProcess.runTest(TestRunnerProcess.java:70)
at org.infinitest.testrunner.TestRunnerProcess.writeTestResultToOutputStream(TestRunnerProcess.java:112)
at org.infinitest.testrunner.TestRunnerProcess.main(TestRunnerProcess.java:89)
... Removed 23 stack frames]]>
    </failure>
  </testcase> <!-- doLogin -->
</testsuite> <!-- Command line test -->
